<?xml version="1.0" encoding="UTF-8"?>
<!-- Generated by org.testng.reporters.JUnitReportReporter -->
<testsuite skipped="0" hostname="LAPTOP-TCH91QHS" name="teastcases.LoginPageTest" tests="1" failures="0" timestamp="14 Feb 2021 16:32:37 GMT" time="12.584" errors="0">
  <testcase name="LoginTest" time="12.584" classname="teastcases.LoginPageTest"/>
</testsuite> <!-- teastcases.LoginPageTest -->
